2025-8-1 11:25:34-log: Cannot access game frame or container.
2025-8-1 11:25:35-debug: asset-db:require-engine-code (1367ms)
2025-8-1 11:25:35-log: meshopt wasm decoder initialized
2025-8-1 11:25:35-log: [bullet]:bullet wasm lib loaded.
2025-8-1 11:25:35-log: [box2d]:box2d wasm lib loaded.
2025-8-1 11:25:35-log: Cocos Creator v3.8.6
2025-8-1 11:25:35-log: Forward render pipeline initialized.
2025-8-1 11:25:35-debug: [Assets Memory track]: asset-db:worker-init: initEngine start:31.50MB, end 80.22MB, increase: 48.72MB
2025-8-1 11:25:35-log: Using legacy pipeline
2025-8-1 11:25:35-debug: [Assets Memory track]: asset-db-plugin-register: programming start:81.10MB, end 84.43MB, increase: 3.34MB
2025-8-1 11:25:37-debug: [Assets Memory track]: asset-db-plugin-register: project start:80.95MB, end 229.18MB, increase: 148.23MB
2025-8-1 11:25:37-debug: [Assets Memory track]: asset-db-plugin-register: builder start:84.47MB, end 225.60MB, increase: 141.13MB
2025-8-1 11:25:37-debug: [Assets Memory track]: asset-db:worker-init: initPlugin start:80.24MB, end 229.21MB, increase: 148.97MB
2025-8-1 11:25:37-debug: [Assets Memory track]: asset-db-plugin-register: engine-extends start:225.85MB, end 228.98MB, increase: 3.13MB
2025-8-1 11:25:37-debug: asset-db:worker-init: initPlugin (2227ms)
2025-8-1 11:25:37-debug: [Assets Memory track]: asset-db:worker-init start:31.49MB, end 229.33MB, increase: 197.84MB
2025-8-1 11:25:37-debug: Run asset db hook engine-extends:beforePreStart success!
2025-8-1 11:25:37-debug: Run asset db hook engine-extends:beforePreStart ...
2025-8-1 11:25:37-debug: Run asset db hook programming:beforePreStart success!
2025-8-1 11:25:37-debug: Run asset db hook programming:beforePreStart ...
2025-8-1 11:25:37-debug: asset-db:worker-init (3875ms)
2025-8-1 11:25:37-debug: asset-db-hook-programming-beforePreStart (123ms)
2025-8-1 11:25:37-debug: asset-db-hook-engine-extends-beforePreStart (122ms)
2025-8-1 11:25:37-debug: Preimport db internal success
2025-8-1 11:25:37-debug: Run asset db hook programming:afterPreStart ...
2025-8-1 11:25:37-debug: Preimport db assets success
2025-8-1 11:25:37-debug: starting packer-driver...
2025-8-1 11:25:38-debug: initialize scripting environment...
2025-8-1 11:25:38-debug: [[Executor]] prepare before lock
2025-8-1 11:25:38-debug: Set detail map pack:///resolution-detail-map.json: {}
2025-8-1 11:25:38-debug: Run asset db hook programming:afterPreStart success!
2025-8-1 11:25:38-debug: Run asset db hook engine-extends:afterPreStart success!
2025-8-1 11:25:38-debug: [Assets Memory track]: asset-db:worker-init: preStart start:229.34MB, end 232.50MB, increase: 3.16MB
2025-8-1 11:25:38-debug: Run asset db hook engine-extends:afterPreStart ...
2025-8-1 11:25:38-debug: [[Executor]] prepare after unlock
2025-8-1 11:25:38-debug: Start up the 'internal' database...
2025-8-1 11:25:38-debug: asset-db:worker-effect-data-processing (432ms)
2025-8-1 11:25:38-debug: asset-db-hook-programming-afterPreStart (904ms)
2025-8-1 11:25:38-debug: asset-db-hook-engine-extends-afterPreStart (432ms)
2025-8-1 11:25:38-debug: [Assets Memory track]: asset-db:worker-startup-database[internal] start:229.43MB, end 242.70MB, increase: 13.27MB
2025-8-1 11:25:38-debug: Start up the 'assets' database...
2025-8-1 11:25:38-debug: asset-db:worker-startup-database[internal] (1164ms)
2025-8-1 11:25:38-debug: [Assets Memory track]: asset-db:worker-startup-database[assets] start:231.79MB, end 242.76MB, increase: 10.96MB
2025-8-1 11:25:38-debug: [Assets Memory track]: asset-db:worker-init: startup start:232.51MB, end 242.77MB, increase: 10.26MB
2025-8-1 11:25:38-debug: lazy register asset handler *
2025-8-1 11:25:38-debug: lazy register asset handler text
2025-8-1 11:25:38-debug: lazy register asset handler json
2025-8-1 11:25:38-debug: lazy register asset handler directory
2025-8-1 11:25:38-debug: lazy register asset handler spine-data
2025-8-1 11:25:38-debug: lazy register asset handler dragonbones-atlas
2025-8-1 11:25:38-debug: lazy register asset handler terrain
2025-8-1 11:25:38-debug: lazy register asset handler dragonbones
2025-8-1 11:25:38-debug: lazy register asset handler scene
2025-8-1 11:25:38-debug: lazy register asset handler typescript
2025-8-1 11:25:38-debug: lazy register asset handler prefab
2025-8-1 11:25:38-debug: lazy register asset handler sprite-frame
2025-8-1 11:25:38-debug: lazy register asset handler tiled-map
2025-8-1 11:25:38-debug: lazy register asset handler javascript
2025-8-1 11:25:38-debug: lazy register asset handler sign-image
2025-8-1 11:25:38-debug: lazy register asset handler image
2025-8-1 11:25:38-debug: lazy register asset handler buffer
2025-8-1 11:25:38-debug: lazy register asset handler alpha-image
2025-8-1 11:25:38-debug: lazy register asset handler texture-cube
2025-8-1 11:25:38-debug: lazy register asset handler erp-texture-cube
2025-8-1 11:25:38-debug: lazy register asset handler texture
2025-8-1 11:25:38-debug: lazy register asset handler texture-cube-face
2025-8-1 11:25:38-debug: lazy register asset handler render-texture
2025-8-1 11:25:38-debug: lazy register asset handler rt-sprite-frame
2025-8-1 11:25:38-debug: lazy register asset handler gltf
2025-8-1 11:25:38-debug: lazy register asset handler gltf-mesh
2025-8-1 11:25:38-debug: lazy register asset handler gltf-material
2025-8-1 11:25:38-debug: lazy register asset handler gltf-animation
2025-8-1 11:25:38-debug: lazy register asset handler gltf-skeleton
2025-8-1 11:25:38-debug: lazy register asset handler gltf-embeded-image
2025-8-1 11:25:38-debug: lazy register asset handler fbx
2025-8-1 11:25:38-debug: lazy register asset handler material
2025-8-1 11:25:38-debug: lazy register asset handler physics-material
2025-8-1 11:25:38-debug: lazy register asset handler gltf-scene
2025-8-1 11:25:38-debug: lazy register asset handler effect-header
2025-8-1 11:25:38-debug: lazy register asset handler effect
2025-8-1 11:25:38-debug: lazy register asset handler audio-clip
2025-8-1 11:25:38-debug: lazy register asset handler animation-clip
2025-8-1 11:25:38-debug: lazy register asset handler animation-graph
2025-8-1 11:25:38-debug: lazy register asset handler animation-graph-variant
2025-8-1 11:25:38-debug: lazy register asset handler ttf-font
2025-8-1 11:25:38-debug: lazy register asset handler animation-mask
2025-8-1 11:25:38-debug: lazy register asset handler particle
2025-8-1 11:25:38-debug: lazy register asset handler sprite-atlas
2025-8-1 11:25:38-debug: lazy register asset handler bitmap-font
2025-8-1 11:25:38-debug: lazy register asset handler render-pipeline
2025-8-1 11:25:38-debug: lazy register asset handler label-atlas
2025-8-1 11:25:38-debug: lazy register asset handler render-stage
2025-8-1 11:25:38-debug: lazy register asset handler render-flow
2025-8-1 11:25:38-debug: lazy register asset handler auto-atlas
2025-8-1 11:25:38-debug: lazy register asset handler instantiation-mesh
2025-8-1 11:25:38-debug: lazy register asset handler instantiation-material
2025-8-1 11:25:38-debug: lazy register asset handler instantiation-animation
2025-8-1 11:25:38-debug: lazy register asset handler instantiation-skeleton
2025-8-1 11:25:38-debug: lazy register asset handler video-clip
2025-8-1 11:25:38-debug: asset-db:ready (8409ms)
2025-8-1 11:25:38-debug: asset-db:worker-startup-database[assets] (1041ms)
2025-8-1 11:25:38-debug: asset-db:start-database (1224ms)
2025-8-1 11:25:38-debug: fix the bug of updateDefaultUserData
2025-8-1 11:25:38-debug: init worker message success
2025-8-1 11:25:38-debug: programming:execute-script (4ms)
2025-8-1 11:25:39-debug: [Build Memory track]: builder:worker-init start:247.76MB, end 258.40MB, increase: 10.64MB
2025-8-1 11:25:39-debug: builder:worker-init (602ms)
2025-8-1 11:25:39-debug: Run asset db hook engine-extends:afterRefresh ...
2025-8-1 11:25:39-debug: refresh db internal success
2025-8-1 11:25:39-debug: refresh db assets success
2025-8-1 11:25:39-debug: Run asset db hook engine-extends:afterRefresh success!
2025-8-1 11:25:39-debug: asset-db:refresh-all-database (120ms)
2025-8-1 11:25:39-debug: asset-db-hook-engine-extends-afterRefresh (1ms)
2025-8-1 11:25:46-debug: refresh db internal success
2025-8-1 11:25:46-debug: Run asset db hook engine-extends:afterRefresh ...
2025-8-1 11:25:46-debug: Run asset db hook engine-extends:afterRefresh success!
2025-8-1 11:25:46-debug: refresh db assets success
2025-8-1 11:25:46-debug: asset-db:refresh-all-database (100ms)
2025-8-1 11:25:46-debug: asset-db-hook-engine-extends-afterRefresh (1ms)
2025-8-1 11:26:46-debug: refresh db internal success
2025-8-1 11:26:46-debug: refresh db assets success
2025-8-1 11:26:46-debug: Run asset db hook engine-extends:afterRefresh ...
2025-8-1 11:26:46-debug: Run asset db hook engine-extends:afterRefresh success!
2025-8-1 11:26:46-debug: asset-db:refresh-all-database (166ms)
2025-8-1 11:26:46-debug: asset-db:worker-effect-data-processing (2ms)
2025-8-1 11:26:46-debug: asset-db-hook-engine-extends-afterRefresh (3ms)
